2020-04-20 22:17:01,862 [ 1] INFO  PhotonHostRuntime.PhotonDomainManager - Initialize: ApplicationName = 'DefaultDomain', DomainID = '1'
2020-04-20 22:17:01,876 [ 1] INFO  PhotonHostRuntime.PhotonDomainManager - AppDomains with unhandled exceptions are usually not unloaded and restarted.
2020-04-20 22:17:01,880 [ 1] INFO  PhotonHostRuntime.PhotonDomainManager - Getting license information:
2020-04-20 22:17:02,180 [ 1] INFO  PhotonHostRuntime.PhotonLicensing - LICENSE: No license file was found - starting with Bootstrap License.
2020-04-20 22:17:02,183 [ 1] INFO  PhotonHostRuntime.PhotonLicensing - LICENSE: Expiration: never; floating license: no; max connections: 20; valid IPs: any
2020-04-20 22:17:03,530 [ 1] INFO  PhotonHostRuntime.PhotonDomainManager - CreateAppDomain: name = 'Master' , assemblyName = 'Photon.LoadBalancing'
2020-04-20 22:17:03,535 [ 1] INFO  PhotonHostRuntime.PhotonDomainManager -   ApplicationBase = 'C:\publish\PhotonServer\SDK\deploy'
2020-04-20 22:17:03,539 [ 1] INFO  PhotonHostRuntime.PhotonDomainManager -   PrivateBinPath = 'C:\publish\PhotonServer\SDK\deploy\LoadBalancing\Master\bin;bin_Win64;Shared;'
2020-04-20 22:17:03,542 [ 1] INFO  PhotonHostRuntime.PhotonDomainManager -   ConfigurationFile = 'C:\publish\PhotonServer\SDK\deploy\LoadBalancing\Master\bin\Photon.LoadBalancing.dll.config'
2020-04-20 22:17:03,546 [ 1] INFO  PhotonHostRuntime.PhotonDomainManager -   CachePath = 'C:\publish\PhotonServer\SDK\deploy\LoadBalancing\Master\bin\Cache'
2020-04-20 22:17:03,683 [ 1] INFO  PhotonHostRuntime.PhotonDomainManager -   ApplicationPath = 'C:\publish\PhotonServer\SDK\deploy\LoadBalancing\Master'
2020-04-20 22:17:03,686 [ 1] INFO  PhotonHostRuntime.PhotonDomainManager -   BinaryPath = 'C:\publish\PhotonServer\SDK\deploy\LoadBalancing\Master\bin'
2020-04-20 22:17:03,690 [ 1] INFO  PhotonHostRuntime.PhotonDomainManager -   ApplicationRootPath = 'C:\publish\PhotonServer\SDK\deploy'
2020-04-20 22:17:03,693 [ 1] INFO  PhotonHostRuntime.PhotonDomainManager -   UnmanagedLogPath = 'C:\publish\PhotonServer\SDK\deploy\bin_Win64\log'
2020-04-20 22:17:03,746 [ 1] INFO  PhotonHostRuntime.PhotonDomainManager - AssemblyLoadEvent: Photon.LoadBalancing, Version=4.0.28.11221, Culture=neutral, PublicKeyToken=null from file:///C:/publish/PhotonServer/SDK/deploy/LoadBalancing/Master/bin/Photon.LoadBalancing.DLL
2020-04-20 22:17:03,750 [ 1] INFO  PhotonHostRuntime.PhotonDomainManager - Photon SDK:4.0.28.11245
2020-04-20 22:17:03,826 [ 1] INFO  PhotonHostRuntime.PhotonDomainManager - AssemblyLoadEvent: Photon.SocketServer, Version=4.0.28.11245, Culture=neutral, PublicKeyToken=48c2fa3b6988090e from file:///C:/publish/PhotonServer/SDK/deploy/LoadBalancing/Master/bin/Photon.SocketServer.DLL
2020-04-20 22:17:03,877 [ 1] INFO  PhotonHostRuntime.PhotonDomainManager - AssemblyLoadEvent: ExitGamesLibs, Version=1.0.4.0, Culture=neutral, PublicKeyToken=eac0edd9746a4aa0 from file:///C:/publish/PhotonServer/SDK/deploy/LoadBalancing/Master/bin/ExitGamesLibs.DLL
2020-04-20 22:17:03,894 [ 1] INFO  PhotonHostRuntime.PhotonDomainManager - Starting: name = 'Master', assemblyName = 'Photon.LoadBalancing', typeName = 'Photon.LoadBalancing.MasterServer.MasterApplication'
2020-04-20 22:17:03,899 [ 1] INFO  PhotonHostRuntime.PhotonDomainManager - CreateAppDomain: name = 'Game' , assemblyName = 'Photon.LoadBalancing'
2020-04-20 22:17:03,902 [ 1] INFO  PhotonHostRuntime.PhotonDomainManager -   ApplicationBase = 'C:\publish\PhotonServer\SDK\deploy'
2020-04-20 22:17:03,906 [ 1] INFO  PhotonHostRuntime.PhotonDomainManager -   PrivateBinPath = 'C:\publish\PhotonServer\SDK\deploy\LoadBalancing\GameServer\bin;bin_Win64;Shared;'
2020-04-20 22:17:03,909 [ 1] INFO  PhotonHostRuntime.PhotonDomainManager -   ConfigurationFile = 'C:\publish\PhotonServer\SDK\deploy\LoadBalancing\GameServer\bin\Photon.LoadBalancing.dll.config'
2020-04-20 22:17:03,912 [ 1] INFO  PhotonHostRuntime.PhotonDomainManager -   CachePath = 'C:\publish\PhotonServer\SDK\deploy\LoadBalancing\GameServer\bin\Cache'
2020-04-20 22:17:04,039 [ 1] INFO  PhotonHostRuntime.PhotonDomainManager -   ApplicationPath = 'C:\publish\PhotonServer\SDK\deploy\LoadBalancing\GameServer'
2020-04-20 22:17:04,043 [ 1] INFO  PhotonHostRuntime.PhotonDomainManager -   BinaryPath = 'C:\publish\PhotonServer\SDK\deploy\LoadBalancing\GameServer\bin'
2020-04-20 22:17:04,047 [ 1] INFO  PhotonHostRuntime.PhotonDomainManager -   ApplicationRootPath = 'C:\publish\PhotonServer\SDK\deploy'
2020-04-20 22:17:04,050 [ 1] INFO  PhotonHostRuntime.PhotonDomainManager -   UnmanagedLogPath = 'C:\publish\PhotonServer\SDK\deploy\bin_Win64\log'
2020-04-20 22:17:04,104 [ 1] INFO  PhotonHostRuntime.PhotonDomainManager - AssemblyLoadEvent: Photon.LoadBalancing, Version=4.0.28.11221, Culture=neutral, PublicKeyToken=null from file:///C:/publish/PhotonServer/SDK/deploy/LoadBalancing/GameServer/bin/Photon.LoadBalancing.DLL
2020-04-20 22:17:04,108 [ 1] INFO  PhotonHostRuntime.PhotonDomainManager - Photon SDK:4.0.28.11245
2020-04-20 22:17:04,176 [ 1] INFO  PhotonHostRuntime.PhotonDomainManager - AssemblyLoadEvent: Photon.SocketServer, Version=4.0.28.11245, Culture=neutral, PublicKeyToken=48c2fa3b6988090e from file:///C:/publish/PhotonServer/SDK/deploy/LoadBalancing/GameServer/bin/Photon.SocketServer.DLL
2020-04-20 22:17:04,243 [ 1] INFO  PhotonHostRuntime.PhotonDomainManager - AssemblyLoadEvent: Photon.Common, Version=4.0.28.11221, Culture=neutral, PublicKeyToken=null from file:///C:/publish/PhotonServer/SDK/deploy/LoadBalancing/GameServer/bin/Photon.Common.DLL
2020-04-20 22:17:04,292 [ 1] INFO  PhotonHostRuntime.PhotonDomainManager - AssemblyLoadEvent: ExitGamesLibs, Version=1.0.4.0, Culture=neutral, PublicKeyToken=eac0edd9746a4aa0 from file:///C:/publish/PhotonServer/SDK/deploy/LoadBalancing/GameServer/bin/ExitGamesLibs.DLL
2020-04-20 22:17:04,367 [ 1] INFO  PhotonHostRuntime.PhotonDomainManager - AssemblyLoadEvent: PhotonHive, Version=4.0.28.11221, Culture=neutral, PublicKeyToken=null from file:///C:/publish/PhotonServer/SDK/deploy/LoadBalancing/GameServer/bin/PhotonHive.DLL
2020-04-20 22:17:04,390 [ 1] INFO  PhotonHostRuntime.PhotonDomainManager - Starting: name = 'Game', assemblyName = 'Photon.LoadBalancing', typeName = 'Photon.LoadBalancing.GameServer.GameApplication'
2020-04-20 22:17:04,394 [ 1] INFO  PhotonHostRuntime.PhotonDomainManager - CreateAppDomain: name = 'CounterPublisher' , assemblyName = 'CounterPublisher'
2020-04-20 22:17:04,398 [ 1] INFO  PhotonHostRuntime.PhotonDomainManager -   ApplicationBase = 'C:\publish\PhotonServer\SDK\deploy'
2020-04-20 22:17:04,401 [ 1] INFO  PhotonHostRuntime.PhotonDomainManager -   PrivateBinPath = 'C:\publish\PhotonServer\SDK\deploy\CounterPublisher\bin;bin_Win64;Shared;'
2020-04-20 22:17:04,405 [ 1] INFO  PhotonHostRuntime.PhotonDomainManager -   ConfigurationFile = 'C:\publish\PhotonServer\SDK\deploy\CounterPublisher\bin\CounterPublisher.dll.config'
2020-04-20 22:17:04,408 [ 1] INFO  PhotonHostRuntime.PhotonDomainManager -   CachePath = 'C:\publish\PhotonServer\SDK\deploy\CounterPublisher\bin\Cache'
2020-04-20 22:17:04,543 [ 1] INFO  PhotonHostRuntime.PhotonDomainManager -   ApplicationPath = 'C:\publish\PhotonServer\SDK\deploy\CounterPublisher'
2020-04-20 22:17:04,547 [ 1] INFO  PhotonHostRuntime.PhotonDomainManager -   BinaryPath = 'C:\publish\PhotonServer\SDK\deploy\CounterPublisher\bin'
2020-04-20 22:17:04,551 [ 1] INFO  PhotonHostRuntime.PhotonDomainManager -   ApplicationRootPath = 'C:\publish\PhotonServer\SDK\deploy'
2020-04-20 22:17:04,556 [ 1] INFO  PhotonHostRuntime.PhotonDomainManager -   UnmanagedLogPath = 'C:\publish\PhotonServer\SDK\deploy\bin_Win64\log'
2020-04-20 22:17:04,612 [ 1] INFO  PhotonHostRuntime.PhotonDomainManager - AssemblyLoadEvent: CounterPublisher, Version=4.0.28.11221, Culture=neutral, PublicKeyToken=null from file:///C:/publish/PhotonServer/SDK/deploy/CounterPublisher/bin/CounterPublisher.DLL
2020-04-20 22:17:04,616 [ 1] INFO  PhotonHostRuntime.PhotonDomainManager - Photon SDK:4.0.28.11245
2020-04-20 22:17:04,685 [ 1] INFO  PhotonHostRuntime.PhotonDomainManager - AssemblyLoadEvent: Photon.SocketServer, Version=4.0.28.11245, Culture=neutral, PublicKeyToken=48c2fa3b6988090e from file:///C:/publish/PhotonServer/SDK/deploy/CounterPublisher/bin/Photon.SocketServer.DLL
2020-04-20 22:17:04,734 [ 1] INFO  PhotonHostRuntime.PhotonDomainManager - AssemblyLoadEvent: ExitGamesLibs, Version=1.0.4.0, Culture=neutral, PublicKeyToken=eac0edd9746a4aa0 from file:///C:/publish/PhotonServer/SDK/deploy/CounterPublisher/bin/ExitGamesLibs.DLL
2020-04-20 22:17:04,740 [ 1] INFO  PhotonHostRuntime.PhotonDomainManager - Starting: name = 'CounterPublisher', assemblyName = 'CounterPublisher', typeName = 'Photon.CounterPublisher.Application'
2020-04-20 22:17:04,778 [ 1] INFO  PhotonHostRuntime.PhotonDomainManager - PhotonRunning: ApplicationName = 'CounterPublisher', DomainId='4' -- calling Application.Setup
2020-04-20 22:17:04,800 [ 1] INFO  PhotonHostRuntime.PhotonDomainManager - AssemblyLoadEvent: ExitGames.Logging.Log4Net, Version=1.0.4.0, Culture=neutral, PublicKeyToken=eac0edd9746a4aa0 from file:///C:/publish/PhotonServer/SDK/deploy/CounterPublisher/bin/ExitGames.Logging.Log4Net.DLL
2020-04-20 22:17:09,922 [ 1] INFO  PhotonHostRuntime.PhotonDomainManager - PhotonRunning: ApplicationName = 'Game', DomainId='3' -- calling Application.Setup
2020-04-20 22:17:09,937 [ 1] INFO  PhotonHostRuntime.PhotonDomainManager - AssemblyLoadEvent: ExitGames.Logging.Log4Net, Version=1.0.4.0, Culture=neutral, PublicKeyToken=eac0edd9746a4aa0 from file:///C:/publish/PhotonServer/SDK/deploy/LoadBalancing/GameServer/bin/ExitGames.Logging.Log4Net.DLL
2020-04-20 22:17:10,103 [ 1] INFO  PhotonHostRuntime.PhotonDomainManager - AssemblyLoadEvent: PhotonHivePlugin, Version=1.0.15.11060, Culture=neutral, PublicKeyToken=null from file:///C:/publish/PhotonServer/SDK/deploy/LoadBalancing/GameServer/bin/PhotonHivePlugin.DLL
2020-04-20 22:17:10,127 [ 1] INFO  PhotonHostRuntime.PhotonDomainManager - AssemblyLoadEvent: AmbientPlugin, Version=1.0.0.0, Culture=neutral, PublicKeyToken=null from file:///C:/publish/PhotonServer/SDK/deploy/Plugins/AmbientPlugin/bin/AmbientPlugin.dll
2020-04-20 22:17:11,024 [ 1] INFO  PhotonHostRuntime.PhotonDomainManager - PhotonRunning: ApplicationName = 'Master', DomainId='2' -- calling Application.Setup
2020-04-20 22:17:11,095 [ 1] INFO  PhotonHostRuntime.PhotonDomainManager - AssemblyLoadEvent: Photon.Common, Version=4.0.28.11221, Culture=neutral, PublicKeyToken=null from file:///C:/publish/PhotonServer/SDK/deploy/LoadBalancing/Master/bin/Photon.Common.DLL
2020-04-20 22:17:11,108 [ 1] INFO  PhotonHostRuntime.PhotonDomainManager - AssemblyLoadEvent: ExitGames.Logging.Log4Net, Version=1.0.4.0, Culture=neutral, PublicKeyToken=eac0edd9746a4aa0 from file:///C:/publish/PhotonServer/SDK/deploy/LoadBalancing/Master/bin/ExitGames.Logging.Log4Net.DLL
2020-04-20 22:17:11,634 [ 1] INFO  PhotonHostRuntime.PhotonDomainManager - AssemblyLoadEvent: PhotonHive, Version=4.0.28.11221, Culture=neutral, PublicKeyToken=null from file:///C:/publish/PhotonServer/SDK/deploy/LoadBalancing/Master/bin/PhotonHive.DLL
2020-04-20 22:17:11,721 [ 1] INFO  PhotonHostRuntime.PhotonDomainManager - AssemblyLoadEvent: ServiceStack.Redis, Version=3.9.71.0, Culture=neutral, PublicKeyToken=null from file:///C:/publish/PhotonServer/SDK/deploy/LoadBalancing/Master/bin/ServiceStack.Redis.DLL
2020-04-20 22:17:11,765 [ 1] INFO  PhotonHostRuntime.PhotonDomainManager - AssemblyLoadEvent: ServiceStack.Interfaces, Version=1.0.0.0, Culture=neutral, PublicKeyToken=null from file:///C:/publish/PhotonServer/SDK/deploy/LoadBalancing/Master/bin/ServiceStack.Interfaces.DLL
2020-04-20 22:17:11,787 [ 1] INFO  PhotonHostRuntime.PhotonDomainManager - AssemblyLoadEvent: System.Web, Version=4.0.0.0, Culture=neutral, PublicKeyToken=b03f5f7f11d50a3a from file:///C:/WINDOWS/Microsoft.Net/assembly/GAC_64/System.Web/v4.0_4.0.0.0__b03f5f7f11d50a3a/System.Web.dll
2020-04-20 22:17:12,060 [ 1] INFO  PhotonHostRuntime.PhotonDomainManager - PhotonRunning: ApplicationName = 'DefaultDomain', DomainId='1'
2020-04-20 22:17:12,132 [12] INFO  PhotonHostRuntime.PhotonDomainManager - AssemblyLoadEvent: PhotonHivePlugin, Version=1.0.15.11060, Culture=neutral, PublicKeyToken=null from file:///C:/publish/PhotonServer/SDK/deploy/LoadBalancing/Master/bin/PhotonHivePlugin.DLL
