15028: 22:17:01.683 - ---
15028: 22:17:01.683 - Service: "Photon Socket Server" starting
15028: 22:17:01.683 - Config File: C:\publish\PhotonServer\SDK\deploy\bin_Win64\PhotonServer.config
15028: 22:17:01.685 - Will produce at most: 10 crash dumps
15028: 22:17:01.685 - Action: run as exe
15028: 22:17:01.686 - Server Starting...
15028: 22:17:01.688 -    Tick count: 113121484 (wraps in: 48.401 days)
15028: 22:17:01.688 - Tick count 64: 113121484
15028: 22:17:01.688 - Photon Version: 4.0.28.2962
15028: 22:17:01.688 - PID: 20532
15028: 22:17:01.688 - Config File: C:\publish\PhotonServer\SDK\deploy\bin_Win64\PhotonServer.config
15028: 22:17:01.688 - Will NOT log unimportant exceptions
15028: 22:17:01.694 - Not using performance counters as they are not currently installed. Run the service with /InstallCounters to install them.
15028: 22:17:01.694 - Shutdown timeout enabled: 30000ms
15028: 22:17:01.695 - Starting I/O thread pool with 2 threads
15028: 22:17:01.696 - Using Standard allocator
15028: 22:17:01.696 - Max message size: 512000
15028: 22:17:01.697 - Starting business logic thread pool with the following settings
15028: 22:17:01.697 - InitialThreads: 4 threads
15028: 22:17:01.697 - MinThreads: 4 threads
15028: 22:17:01.697 - Thread pool is fixed size
15028: 22:17:01.697 - Starting ENet thread pool with the following settings
15028: 22:17:01.697 - InitialThreads: 2 threads
15028: 22:17:01.697 - MinThreads: 2 threads
15028: 22:17:01.697 - Thread pool is fixed size
15028: 22:17:01.697 - OnlyDispatchTimers: False
15028: 22:17:01.698 - S2S: flow control: Max pending writes: 50
15028: 22:17:01.698 - S2S: flow control: Max queued buffers: 200
15028: 22:17:01.698 - S2S: flow control: Max pending writes MUX: 500
15028: 22:17:01.698 - S2S: flow control: Max queued buffers MUX: 2000
15028: 22:17:01.698 - S2S: MaxInboundMessageSize: 512000
15028: 22:17:01.698 - S2S: MaxOutboundMessageSize: 512000
15028: 22:17:01.698 - S2S: No inactivity timeout
15028: 22:17:01.703 - WebSocket S2S: MaxInboundMessageSize: 512000
15028: 22:17:01.703 - WebSocket S2S: MaxOutboundMessageSize: 512000
15028: 22:17:01.703 - WebSocket S2S: No inactivity timeout
15028: 22:17:01.703 - Max Reliable Data In Transit (awaiting ACKs) per peer : 51200 bytes
15028: 22:17:01.703 - Per peer bandwidth limit
15028: 22:17:01.703 - Transmit Rate Limit: 256 KB/Sec
15028: 22:17:01.703 - Limit period: 200ms
15028: 22:17:01.703 - Limit per period: 52428 bytes
15028: 22:17:01.703 - Max queued data for transmission per peer: 512000 bytes
15028: 22:17:01.703 - Minimum retransmit timeout: 200
15028: 22:17:01.703 - No Maximum retransmit timeout
15028: 22:17:01.704 - Minimum ENet timeout: 5000ms
15028: 22:17:01.704 - Maximum ENet timeout: 30000ms
15028: 22:17:01.704 - Max Inbound Reliable Data Queued (awaiting resends of earlier sequence numbers) per peer : 163840 bytes
15028: 22:17:01.704 - No RTT ACK adjustment timeout
15028: 22:17:01.704 - Outbound ENet: MaxInboundMessageSize: 512000
15028: 22:17:01.704 - Outbound ENet: MaxOutboundMessageSize: 512000
15028: 22:17:01.711 - GetRuntime - About to load CLR - versions available:
15028: 22:17:01.711 - v2.0.50727
15028: 22:17:01.711 - v4.0.30319
15028: 22:17:01.711 - Configuration requests: "v2.0.50727"
15028: 22:17:01.711 - About to load version: "v2.0.50727"
15028: 22:17:01.765 - About to load runtime: PhotonHostRuntime.PhotonDomainManager from PhotonHostRuntime, Culture=neutral, PublicKeyToken=02C301B61B060C4D
15028: 22:17:01.765 - CLRBaseDirectory set to "C:\publish\PhotonServer\SDK\deploy"
15028: 22:17:01.765 - Optimising event broadcast for 20 or more peers
15028: 22:17:01.766 - Start: About to load CLR - versions available:
15028: 22:17:01.766 - v2.0.50727
15028: 22:17:01.766 - v4.0.30319
15028: 22:17:01.766 - No preference in configuration file, will load latest.
15028: 22:17:01.766 - About to load version: "v4.0.30319"
15028: 22:17:01.767 - Loaded version: "v4.0.30319"
15028: 22:17:01.879 - Photon host runtime loaded
15028: 22:17:03.521 - LICENSE: No license file was found. Starting with Bootstrap License.
15028: 22:17:03.525 - License is valid.
15028: 22:17:03.525 - Licensed for 20 concurrent connections.
15028: 22:17:03.525 - ENet: Max Reliable Data In Transit (awaiting ACKs) per peer : 51200 bytes
15028: 22:17:03.525 - ENet: Per peer bandwidth limit
15028: 22:17:03.525 - ENet: Transmit Rate Limit: 256 KB/Sec
15028: 22:17:03.525 - ENet: Limit period: 200ms
15028: 22:17:03.525 - ENet: Limit per period: 52428 bytes
15028: 22:17:03.525 - ENet: Max queued data for transmission per peer: 512000 bytes
15028: 22:17:03.525 - ENet: Minimum retransmit timeout: 200
15028: 22:17:03.525 - No Maximum retransmit timeout
15028: 22:17:03.525 - ENet: Minimum timeout: 5000ms
15028: 22:17:03.525 - ENet: Maximum timeout: 30000ms
15028: 22:17:03.525 - ENet: Max Inbound Reliable Data Queued (awaiting resends of earlier sequence numbers) per peer : 163840 bytes
15028: 22:17:03.525 - No RTT ACK adjustment timeout
15028: 22:17:03.525 - About to load application: Master from Photon.LoadBalancing
15028: 22:17:03.525 - Auto restart is enabled for application, existing connections will be terminated during restart
15028: 22:17:03.525 - Application will restart 1000ms after the last change detected
15028: 22:17:03.525 - Application will restart if files matching the following are changed: "dll;config"
15028: 22:17:03.525 - Application will NOT restart if files matching the following are changed: "log4net.config"
15028: 22:17:03.696 - Taking reference on default app domain
15028: 22:17:03.899 - Application: "Master" started in app domain: 2
15028: 22:17:03.899 - About to load application: Game from Photon.LoadBalancing
15028: 22:17:03.899 - Auto restart is enabled for application, existing connections will be terminated during restart
15028: 22:17:03.899 - Application will restart 1000ms after the last change detected
15028: 22:17:03.899 - Application will restart if files matching the following are changed: "dll;config"
15028: 22:17:03.899 - Application will NOT restart if files matching the following are changed: "log4net.config"
15028: 22:17:04.054 - Taking reference on default app domain
15028: 22:17:04.394 - Application: "Game" started in app domain: 3
15028: 22:17:04.394 - About to load application: CounterPublisher from CounterPublisher
15028: 22:17:04.394 - Auto restart is enabled for application, existing connections will be terminated during restart
15028: 22:17:04.394 - Application will restart 1000ms after the last change detected
15028: 22:17:04.394 - Application will restart if files matching the following are changed: "dll;config"
15028: 22:17:04.394 - Application will NOT restart if files matching the following are changed: "log4net.config"
15028: 22:17:04.560 - Taking reference on default app domain
15028: 22:17:04.744 - Application: "CounterPublisher" started in app domain: 4
15028: 22:17:04.744 - Adding TCP listener on: 0.0.0.0: 4530 with a listen backlog of: 150
15028: 22:17:04.744 - TCP inactivity timeout: 10000ms
15028: 22:17:04.744 - TCP disconnect timeout: 120000ms
15028: 22:17:04.744 - MaxInboundMessageSize: 512000
15028: 22:17:04.744 - MaxOutboundMessageSize: 512000
15028: 22:17:04.744 - Forcing all applications ids to: "Master"
15028: 22:17:04.748 - Serving policy file requests from: "C:\publish\PhotonServer\SDK\deploy\Policy\assets\socket-policy.xml"
15028: 22:17:04.748 - Adding TCP listener on: 0.0.0.0: 4531 with a listen backlog of: 150
15028: 22:17:04.748 - TCP inactivity timeout: 10000ms
15028: 22:17:04.748 - TCP disconnect timeout: 120000ms
15028: 22:17:04.748 - MaxInboundMessageSize: 512000
15028: 22:17:04.748 - MaxOutboundMessageSize: 512000
15028: 22:17:04.748 - Forcing all applications ids to: "Game"
15028: 22:17:04.748 - Serving policy file requests from: "C:\publish\PhotonServer\SDK\deploy\Policy\assets\socket-policy.xml"
15028: 22:17:04.748 - Adding TCP listener on: 0.0.0.0: 4520 with a listen backlog of: 150
15028: 22:17:04.748 - TCP inactivity timeout: 5000ms
15028: 22:17:04.748 - TCP disconnect timeout: 120000ms
15028: 22:17:04.748 - MaxInboundMessageSize: 512000
15028: 22:17:04.748 - MaxOutboundMessageSize: 512000
15028: 22:17:04.748 - Forcing all applications ids to: "Master"
15028: 22:17:04.748 - MaxInboundMessageSize: 512000
15028: 22:17:04.748 - MaxOutboundMessageSize: 512000
15028: 22:17:04.748 - UDP address specified as: "0.0.0.0" adding listener to each available IPv4 address
15028: 22:17:04.749 - Adding UDP listener on: 192.168.1.5: 5055 with a listen backlog of: 500
15028: 22:17:04.749 - Adding UDP listener on: 127.0.0.1: 5055 with a listen backlog of: 500
15028: 22:17:04.749 - Forcing all applications ids to: "Game"
15028: 22:17:04.749 - MaxInboundMessageSize: 512000
15028: 22:17:04.749 - MaxOutboundMessageSize: 512000
15028: 22:17:04.749 - UDP address specified as: "0.0.0.0" adding listener to each available IPv4 address
15028: 22:17:04.749 - Adding UDP listener on: 192.168.1.5: 5056 with a listen backlog of: 500
15028: 22:17:04.749 - Adding UDP listener on: 127.0.0.1: 5056 with a listen backlog of: 500
15028: 22:17:04.749 - Adding WebSocket TCP listener on: 0.0.0.0: 9090 with a listen backlog of: 150
15028: 22:17:04.749 - Nagle disabled
15028: 22:17:04.749 - TCP inactivity timeout: 10000ms
15028: 22:17:04.749 - MaxInboundMessageSize: 512000
15028: 22:17:04.749 - MaxOutboundMessageSize: 512000
15028: 22:17:04.749 - Forcing all applications ids to: "Master"
15028: 22:17:04.749 - Will accept ANY sub-protocols from the client
15028: 22:17:04.749 - No automatic WebSocket ping
15028: 22:17:04.749 - Adding WebSocket TCP listener on: 0.0.0.0: 9091 with a listen backlog of: 150
15028: 22:17:04.749 - Nagle disabled
15028: 22:17:04.749 - TCP inactivity timeout: 10000ms
15028: 22:17:04.749 - MaxInboundMessageSize: 512000
15028: 22:17:04.749 - MaxOutboundMessageSize: 512000
15028: 22:17:04.749 - Forcing all applications ids to: "Game"
15028: 22:17:04.749 - Will accept ANY sub-protocols from the client
15028: 22:17:04.749 - No automatic WebSocket ping
15028: 22:17:04.749 - Adding Policy File listener on: 0.0.0.0: 843 with a listen backlog of: 150 and serving Policy File: "C:\publish\PhotonServer\SDK\deploy\Policy\assets\socket-policy.xml"
15028: 22:17:04.749 - TCP inactivity timeout: 1000ms
15028: 22:17:04.754 - Adding Policy File listener on: 0.0.0.0: 943 with a listen backlog of: 150 and serving Policy File: "C:\publish\PhotonServer\SDK\deploy\Policy\assets\socket-policy-silverlight.xml"
15028: 22:17:04.754 - TCP inactivity timeout: 1000ms
15028: 22:17:04.777 - Service is running...
