2020-04-15 10:45:17,125 [1] INFO  Photon.LoadBalancing.GameServer.GameApplication - Setup: serverId=f7aef80c-a585-47bd-a36e-42f3bfdc119b
2020-04-15 10:45:17,144 [1] INFO  Photon.Hive.Plugin.PluginManager - Plugin configured: name=AmbientPlugin
2020-04-15 10:45:17,149 [1] INFO  Photon.Hive.Plugin.PluginManager - 	Attribute: BaseUrl=https://enterthemall.com/api/webhooks
2020-04-15 10:45:17,153 [1] INFO  Photon.Hive.Plugin.PluginManager - 	Attribute: IsPersistent=true
2020-04-15 10:45:17,157 [1] INFO  Photon.Hive.Plugin.PluginManager - 	Attribute: HasErrorInfo=true
2020-04-15 10:45:17,161 [1] INFO  Photon.Hive.Plugin.PluginManager - 	Attribute: PathClose=close
2020-04-15 10:45:17,170 [1] INFO  Photon.Hive.Plugin.PluginManager - 	Attribute: PathCreate=create
2020-04-15 10:45:17,175 [1] INFO  Photon.Hive.Plugin.PluginManager - 	Attribute: PathLoad=create
2020-04-15 10:45:17,209 [1] INFO  Photon.Hive.Plugin.PluginManager - Loaded Assembly Name=AmbientPlugin, Version=1.0.0.0, Culture=, PublicKey token=, Path=C:\Users\pierl\Desktop\PhotonServer\SDK\deploy\Plugins\AmbientPlugin\\bin\AmbientPlugin.dll
2020-04-15 10:45:17,214 [1] INFO  Photon.Hive.Plugin.PluginManager - Referenced Assembly Name=mscorlib, Version=4.0.0.0, Culture=, PublicKey token=B7-7A-5C-56-19-34-E0-89, Path=
2020-04-15 10:45:17,218 [1] INFO  Photon.Hive.Plugin.PluginManager - Referenced Assembly Name=PhotonHivePlugin, Version=1.0.15.11060, Culture=, PublicKey token=, Path=
2020-04-15 10:45:17,222 [1] INFO  Photon.Hive.Plugin.PluginManager - Referenced Assembly Name=PhotonHive.WebHooksPlugin1.2, Version=4.0.28.11221, Culture=, PublicKey token=, Path=
2020-04-15 10:45:17,230 [1] INFO  Photon.Hive.Plugin.PluginManager - Plugin Type AmbientPlugin.AmbientFactory from assembly AmbientPlugin, Version=1.0.0.0, Culture=neutral, PublicKeyToken=null was successfuly created
2020-04-15 10:45:17,235 [1] INFO  Photon.Hive.Plugin.PluginManager - Plugin manager (version=1.0.15.11060) is setup. type=AmbientPlugin.AmbientFactory;path=C:\Users\pierl\Desktop\PhotonServer\SDK\deploy\Plugins\AmbientPlugin\\bin\AmbientPlugin.dll;version=1.0.15.11060
2020-04-15 10:45:17,517 [1] INFO  Photon.SocketServer.Diagnostics.HttpQueuePerformanceCounters - HTTP Queue performance counters successfully initialized
2020-04-15 10:45:17,522 [1] INFO  Photon.SocketServer.Diagnostics.HttpQueuePerformanceCounters - Internal HTTP Queue performance counters successfully created
2020-04-15 10:45:17,530 [1] INFO  Photon.LoadBalancing.GameServer.GameApplication - TokenCreator intialized with an expiration of 02:46:40
2020-04-15 10:45:17,544 [1] WARN  Photon.Common.LoadBalancer.LoadShedding.WorkloadController - Did not find counter Business Logic Queue
2020-04-15 10:45:17,549 [1] WARN  Photon.Common.LoadBalancer.LoadShedding.WorkloadController - Did not find counter ENet Queue
2020-04-15 10:45:17,553 [1] WARN  Photon.Common.LoadBalancer.LoadShedding.WorkloadController - Did not find counter bytes in/sec
2020-04-15 10:45:17,559 [1] WARN  Photon.Common.LoadBalancer.LoadShedding.WorkloadController - Did not find counter bytes out/sec
2020-04-15 10:45:17,569 [1] WARN  Photon.Common.LoadBalancer.LoadShedding.WorkloadController - Did not find counter ENet Threads Processing
2020-04-15 10:45:17,574 [1] WARN  Photon.Common.LoadBalancer.LoadShedding.WorkloadController - Did not find counter ENet Threads Active
2020-04-15 10:45:17,579 [1] WARN  Photon.Common.LoadBalancer.LoadShedding.WorkloadController - Did not find counter Time Spent In Server: In (ms)
2020-04-15 10:45:17,584 [1] WARN  Photon.Common.LoadBalancer.LoadShedding.WorkloadController - Did not find counter Time Spent In Server: Out (ms)
2020-04-15 10:45:17,588 [1] WARN  Photon.Common.LoadBalancer.LoadShedding.WorkloadController - Did not find counter TCP: Disconnected Peers +/sec
2020-04-15 10:45:17,593 [1] WARN  Photon.Common.LoadBalancer.LoadShedding.WorkloadController - Did not find counter TCP: Disconnected Peers (C) +/sec
2020-04-15 10:45:17,598 [1] WARN  Photon.Common.LoadBalancer.LoadShedding.WorkloadController - Did not find counter TCP: Peers
2020-04-15 10:45:17,603 [1] WARN  Photon.Common.LoadBalancer.LoadShedding.WorkloadController - Did not find counter UDP: Disconnected Peers +/sec
2020-04-15 10:45:17,607 [1] WARN  Photon.Common.LoadBalancer.LoadShedding.WorkloadController - Did not find counter UDP: Disconnected Peers (C) +/sec
2020-04-15 10:45:17,612 [1] WARN  Photon.Common.LoadBalancer.LoadShedding.WorkloadController - Did not find counter UDP: Peers
2020-04-15 10:45:17,623 [1] WARN  Photon.Common.LoadBalancer.LoadShedding.FeedbackControlSystem - Could not initialize Feedback Control System from configuration: Invalid configuration file C:\Users\pierl\Desktop\PhotonServer\SDK\deploy\Workload.config. Using default settings... (Could not find file 'C:\Users\pierl\Desktop\PhotonServer\SDK\deploy\Workload.config'.)
2020-04-15 10:45:17,633 [1] INFO  Photon.Common.LoadBalancer.ServerStateManager - Watching for application state file in C:\Users\pierl\Desktop\PhotonServer\SDK\deploy\ServerState.txt
2020-04-15 10:45:17,639 [1] INFO  Photon.Common.LoadBalancer.ServerStateManager - Server state is set to online
2020-04-15 10:45:17,645 [1] INFO  Photon.LoadBalancing.GameServer.GameApplication - Initializing master server connection ...
2020-04-15 10:45:17,656 [1] INFO  Photon.LoadBalancing.GameServer.MasterServerConnectionBase - Connecting to master at 127.0.0.1:4520, serverId=f7aef80c-a585-47bd-a36e-42f3bfdc119b
2020-04-15 10:45:17,674 [1] INFO  Photon.SocketServer.ApplicationBase - Application start: AppId=Game; AppPath=C:\Users\pierl\Desktop\PhotonServer\SDK\deploy\LoadBalancing\GameServer, Type=Photon.LoadBalancing.GameServer.GameApplication 
2020-04-15 10:45:17,683 [1] INFO  Photon.SocketServer.Diagnostics.CounterPublisher - CounterPublisher started publishing ExitGames.Diagnostics.Monitoring.CounterSamplePublisher to ExitGames.Diagnostics.Monitoring.CounterSampleSender
2020-04-15 10:45:18,577 [12] INFO  Photon.LoadBalancing.GameServer.MasterServerConnectionBase - Master connection established: address:127.0.0.1
2020-04-15 10:45:18,583 [12] INFO  Photon.Common.LoadBalancer.ServerStateManager - Server state is set to online
2020-04-15 10:45:18,590 [12] INFO  Photon.LoadBalancing.GameServer.OutgoingMasterServerPeer - Registering game server with address 23.241.123.12, TCP 4531, UDP 5056, WebSocket 9091, Secure WebSocket 19091, HTTP 80, ServerID f7aef80c-a585-47bd-a36e-42f3bfdc119b, Hostname localhost, IPv6Address 
2020-04-15 10:45:18,650 [12] INFO  Photon.LoadBalancing.GameServer.OutgoingMasterServerPeer - Successfully registered at master server: serverId=f7aef80c-a585-47bd-a36e-42f3bfdc119b
2020-04-15 10:45:18,656 [12] INFO  Photon.LoadBalancing.GameServer.OutgoingMasterServerPeer - Test test test
2020-04-15 10:45:22,773 [15] INFO  Photon.Common.LoadBalancer.LoadShedding.FeedbackController - Transit CpuUsage from Lowest to Low with input 37
2020-04-15 10:45:22,779 [15] INFO  Photon.Common.LoadBalancer.LoadShedding.WorkloadController - FeedbackLevel changed: old=Lowest, new=Low
2020-04-15 10:46:06,024 [15] INFO  Photon.Common.LoadBalancer.LoadShedding.FeedbackController - Transit CpuUsage from Low to Lowest with input 20
2020-04-15 10:46:06,035 [15] INFO  Photon.Common.LoadBalancer.LoadShedding.WorkloadController - FeedbackLevel changed: old=Low, new=Lowest
2020-04-15 10:47:13,786 [1] INFO  Photon.LoadBalancing.GameServer.GameApplication - OnStopRequested: serverid=f7aef80c-a585-47bd-a36e-42f3bfdc119b
2020-04-15 10:47:13,793 [1] INFO  Photon.SocketServer.ApplicationBase - Application is stopping: AppId=Game
2020-04-15 10:47:13,796 [18] INFO  Photon.LoadBalancing.GameServer.OutgoingMasterServerPeer - connection to master closed (id=2, reason=ManagedDisconnect, detail=), serverId=f7aef80c-a585-47bd-a36e-42f3bfdc119b
2020-04-15 10:47:13,827 [1] INFO  Photon.LoadBalancing.GameServer.GameApplication - TearDown: serverId=f7aef80c-a585-47bd-a36e-42f3bfdc119b
2020-04-15 10:47:13,833 [1] INFO  Photon.SocketServer.ApplicationBase - Application stop: AppId=Game
2020-04-15 10:48:50,242 [1] INFO  Photon.LoadBalancing.GameServer.GameApplication - Setup: serverId=b5cd0caf-84a6-4c50-b7c0-2126ea55b83a
2020-04-15 10:48:50,265 [1] INFO  Photon.Hive.Plugin.PluginManager - Plugin configured: name=AmbientPlugin
2020-04-15 10:48:50,271 [1] INFO  Photon.Hive.Plugin.PluginManager - 	Attribute: BaseUrl=https://enterthemall.com/api/webhooks
2020-04-15 10:48:50,276 [1] INFO  Photon.Hive.Plugin.PluginManager - 	Attribute: IsPersistent=true
2020-04-15 10:48:50,282 [1] INFO  Photon.Hive.Plugin.PluginManager - 	Attribute: HasErrorInfo=true
2020-04-15 10:48:50,288 [1] INFO  Photon.Hive.Plugin.PluginManager - 	Attribute: PathClose=close
2020-04-15 10:48:50,294 [1] INFO  Photon.Hive.Plugin.PluginManager - 	Attribute: PathCreate=create
2020-04-15 10:48:50,300 [1] INFO  Photon.Hive.Plugin.PluginManager - 	Attribute: PathLoad=create
2020-04-15 10:48:50,345 [1] INFO  Photon.Hive.Plugin.PluginManager - Loaded Assembly Name=AmbientPlugin, Version=1.0.0.0, Culture=, PublicKey token=, Path=C:\Users\pierl\Desktop\PhotonServer\SDK\deploy\Plugins\AmbientPlugin\\bin\AmbientPlugin.dll
2020-04-15 10:48:50,351 [1] INFO  Photon.Hive.Plugin.PluginManager - Referenced Assembly Name=mscorlib, Version=4.0.0.0, Culture=, PublicKey token=B7-7A-5C-56-19-34-E0-89, Path=
2020-04-15 10:48:50,357 [1] INFO  Photon.Hive.Plugin.PluginManager - Referenced Assembly Name=PhotonHivePlugin, Version=1.0.15.11060, Culture=, PublicKey token=, Path=
2020-04-15 10:48:50,364 [1] INFO  Photon.Hive.Plugin.PluginManager - Referenced Assembly Name=PhotonHive.WebHooksPlugin1.2, Version=4.0.28.11221, Culture=, PublicKey token=, Path=
2020-04-15 10:48:50,370 [1] INFO  Photon.Hive.Plugin.PluginManager - Plugin Type AmbientPlugin.AmbientFactory from assembly AmbientPlugin, Version=1.0.0.0, Culture=neutral, PublicKeyToken=null was successfuly created
2020-04-15 10:48:50,376 [1] INFO  Photon.Hive.Plugin.PluginManager - Plugin manager (version=1.0.15.11060) is setup. type=AmbientPlugin.AmbientFactory;path=C:\Users\pierl\Desktop\PhotonServer\SDK\deploy\Plugins\AmbientPlugin\\bin\AmbientPlugin.dll;version=1.0.15.11060
2020-04-15 10:48:50,707 [1] INFO  Photon.SocketServer.Diagnostics.HttpQueuePerformanceCounters - HTTP Queue performance counters successfully initialized
2020-04-15 10:48:50,714 [1] INFO  Photon.SocketServer.Diagnostics.HttpQueuePerformanceCounters - Internal HTTP Queue performance counters successfully created
2020-04-15 10:48:50,724 [1] INFO  Photon.LoadBalancing.GameServer.GameApplication - TokenCreator intialized with an expiration of 02:46:40
2020-04-15 10:48:50,740 [1] WARN  Photon.Common.LoadBalancer.LoadShedding.WorkloadController - Did not find counter Business Logic Queue
2020-04-15 10:48:50,747 [1] WARN  Photon.Common.LoadBalancer.LoadShedding.WorkloadController - Did not find counter ENet Queue
2020-04-15 10:48:50,753 [1] WARN  Photon.Common.LoadBalancer.LoadShedding.WorkloadController - Did not find counter bytes in/sec
2020-04-15 10:48:50,760 [1] WARN  Photon.Common.LoadBalancer.LoadShedding.WorkloadController - Did not find counter bytes out/sec
2020-04-15 10:48:50,767 [1] WARN  Photon.Common.LoadBalancer.LoadShedding.WorkloadController - Did not find counter ENet Threads Processing
2020-04-15 10:48:50,774 [1] WARN  Photon.Common.LoadBalancer.LoadShedding.WorkloadController - Did not find counter ENet Threads Active
2020-04-15 10:48:50,781 [1] WARN  Photon.Common.LoadBalancer.LoadShedding.WorkloadController - Did not find counter Time Spent In Server: In (ms)
2020-04-15 10:48:50,788 [1] WARN  Photon.Common.LoadBalancer.LoadShedding.WorkloadController - Did not find counter Time Spent In Server: Out (ms)
2020-04-15 10:48:50,797 [1] WARN  Photon.Common.LoadBalancer.LoadShedding.WorkloadController - Did not find counter TCP: Disconnected Peers +/sec
2020-04-15 10:48:50,804 [1] WARN  Photon.Common.LoadBalancer.LoadShedding.WorkloadController - Did not find counter TCP: Disconnected Peers (C) +/sec
2020-04-15 10:48:50,810 [1] WARN  Photon.Common.LoadBalancer.LoadShedding.WorkloadController - Did not find counter TCP: Peers
2020-04-15 10:48:50,817 [1] WARN  Photon.Common.LoadBalancer.LoadShedding.WorkloadController - Did not find counter UDP: Disconnected Peers +/sec
2020-04-15 10:48:50,825 [1] WARN  Photon.Common.LoadBalancer.LoadShedding.WorkloadController - Did not find counter UDP: Disconnected Peers (C) +/sec
2020-04-15 10:48:50,833 [1] WARN  Photon.Common.LoadBalancer.LoadShedding.WorkloadController - Did not find counter UDP: Peers
2020-04-15 10:48:50,846 [1] WARN  Photon.Common.LoadBalancer.LoadShedding.FeedbackControlSystem - Could not initialize Feedback Control System from configuration: Invalid configuration file C:\Users\pierl\Desktop\PhotonServer\SDK\deploy\Workload.config. Using default settings... (Could not find file 'C:\Users\pierl\Desktop\PhotonServer\SDK\deploy\Workload.config'.)
2020-04-15 10:48:50,861 [1] INFO  Photon.Common.LoadBalancer.ServerStateManager - Watching for application state file in C:\Users\pierl\Desktop\PhotonServer\SDK\deploy\ServerState.txt
2020-04-15 10:48:50,870 [1] INFO  Photon.Common.LoadBalancer.ServerStateManager - Server state is set to online
2020-04-15 10:48:50,878 [1] INFO  Photon.LoadBalancing.GameServer.GameApplication - Initializing master server connection ...
2020-04-15 10:48:50,891 [1] INFO  Photon.LoadBalancing.GameServer.MasterServerConnectionBase - Connecting to master at 127.0.0.1:4520, serverId=b5cd0caf-84a6-4c50-b7c0-2126ea55b83a
2020-04-15 10:48:50,913 [1] INFO  Photon.SocketServer.ApplicationBase - Application start: AppId=Game; AppPath=C:\Users\pierl\Desktop\PhotonServer\SDK\deploy\LoadBalancing\GameServer, Type=Photon.LoadBalancing.GameServer.GameApplication 
2020-04-15 10:48:50,923 [1] INFO  Photon.SocketServer.Diagnostics.CounterPublisher - CounterPublisher started publishing ExitGames.Diagnostics.Monitoring.CounterSamplePublisher to ExitGames.Diagnostics.Monitoring.CounterSampleSender
2020-04-15 10:48:52,266 [12] INFO  Photon.LoadBalancing.GameServer.MasterServerConnectionBase - Master connection established: address:127.0.0.1
2020-04-15 10:48:52,273 [12] INFO  Photon.Common.LoadBalancer.ServerStateManager - Server state is set to online
2020-04-15 10:48:52,282 [12] INFO  Photon.LoadBalancing.GameServer.OutgoingMasterServerPeer - Registering game server with address 192.168.1.5, TCP 4531, UDP 5056, WebSocket 9091, Secure WebSocket 19091, HTTP 80, ServerID b5cd0caf-84a6-4c50-b7c0-2126ea55b83a, Hostname localhost, IPv6Address 
2020-04-15 10:48:52,344 [11] INFO  Photon.LoadBalancing.GameServer.OutgoingMasterServerPeer - Successfully registered at master server: serverId=b5cd0caf-84a6-4c50-b7c0-2126ea55b83a
2020-04-15 10:48:52,350 [11] INFO  Photon.LoadBalancing.GameServer.OutgoingMasterServerPeer - Test test test
2020-04-15 10:48:52,981 [11] INFO  Photon.Common.LoadBalancer.LoadShedding.FeedbackController - Transit CpuUsage from Lowest to Low with input 36
2020-04-15 10:48:52,987 [11] INFO  Photon.Common.LoadBalancer.LoadShedding.WorkloadController - FeedbackLevel changed: old=Lowest, new=Low
2020-04-15 10:50:48,914 [13] INFO  Photon.Common.LoadBalancer.LoadShedding.FeedbackController - Transit CpuUsage from Low to Lowest with input 20
2020-04-15 10:50:48,924 [13] INFO  Photon.Common.LoadBalancer.LoadShedding.WorkloadController - FeedbackLevel changed: old=Low, new=Lowest
2020-04-15 10:52:53,760 [12] INFO  Photon.Hive.Plugin.PluginManager - Plugin successfully created:Type:AmbientPlugin.AmbientFactory, path:C:\Users\pierl\Desktop\PhotonServer\SDK\deploy\Plugins\AmbientPlugin\\bin\AmbientPlugin.dll
2020-04-15 10:52:53,907 [12] INFO  Photon.Hive.HiveGame.HiveHostGame.Plugin - PostJsonRequest: https://enterthemall.com/api/webhooks/create? - {"ActorNr":1,"AppVersion":"","AppId":"A890-B177-B6F3-3B9F-6870-BE79","CreateOptions":{"MaxPlayers":10,"LobbyId":null,"LobbyType":0,"CustomProperties":{"templateIndex":1,"password":"1234"},"EmptyRoomTTL":3000,"PlayerTTL":-1,"CheckUserOnJoin":true,"DeleteCacheOnLeave":true,"SuppressRoomEvents":false},"GameId":"Test","Region":"","Type":"Create","UserId":"1","Nickname":"Pierlorenzo Peruzzo"}
2020-04-15 10:52:54,155 [12] INFO  Photon.Hive.HiveGame.HiveHostGame.Plugin - TryGetForwardResponse:{"ResultCode":0,"Message":"OK"}
2020-04-15 10:52:55,671 [20] INFO  Photon.Hive.Plugin.PluginManager - Plugin successfully created:Type:AmbientPlugin.AmbientFactory, path:C:\Users\pierl\Desktop\PhotonServer\SDK\deploy\Plugins\AmbientPlugin\\bin\AmbientPlugin.dll
2020-04-15 10:53:59,229 [12] INFO  Photon.Common.LoadBalancer.LoadShedding.FeedbackController - Transit CpuUsage from Lowest to Low with input 35
2020-04-15 10:53:59,241 [12] INFO  Photon.Common.LoadBalancer.LoadShedding.WorkloadController - FeedbackLevel changed: old=Lowest, new=Low
2020-04-15 10:55:58,571 [13] INFO  Photon.Hive.Collections.ActorsManager - this gets called
2020-04-15 10:55:58,572 [31] INFO  Photon.Hive.Collections.ActorsManager - this gets called
2020-04-15 10:55:58,583 [13] INFO  Photon.Hive.Collections.ActorsManager - Removed user from the room actors. UserId: 2, ActorNr 2, Nickname Simone Zamparini
2020-04-15 10:56:39,640 [15] INFO  Photon.Hive.Collections.ActorsManager - this gets called
2020-04-15 10:56:39,648 [15] INFO  Photon.Hive.Collections.ActorsManager - Simply deactivated the actor. He is the owner.
2020-04-15 10:56:39,643 [32] INFO  Photon.Hive.Collections.ActorsManager - this gets called
2020-04-15 10:56:42,671 [31] INFO  Photon.Hive.HiveGame.HiveHostGame.Plugin - OnCloseGame
2020-04-15 10:56:42,685 [31] INFO  Photon.Hive.HiveGame.HiveHostGame.Plugin - Http request to save
2020-04-15 10:56:42,713 [31] INFO  Photon.Hive.HiveGame.HiveHostGame.Plugin - PostJsonRequest: https://enterthemall.com/api/webhooks/close? - {"ActorCount":1,"AppVersion":"","AppId":"A890-B177-B6F3-3B9F-6870-BE79","GameId":"Test","Region":"","State":{"ActorCounter":2,"ActorList":[{"ActorNr":1,"UserId":"1","Nickname":"Pierlorenzo Peruzzo","Binary":"RGIAAAEBRAAAAAJi/3MAE1BpZXJsb3JlbnpvIFBlcnV6em9zAAdpc093bmVybwE=","DeactivationTime":"2020-04-15T10:56:39.6552871-07:00","DEBUG_BINARY":{"1":{"255":"Pierlorenzo Peruzzo","isOwner":true}}}],"Binary":{"19":"RGl6AAEAAAAAAAJ6AANpAAAAAWIBaAAHcwAEcHZJZGkAAAPscwADcm90Y1EAED+AAAAAAAAAAAAAAAAAAABzAANwb3NjVgAMvwP4yEAGEEU/y7/WcwAEdHlwZWkAAAAEcwAFc2NhbGVjVgAMP4AAAD+AAAA/gAAAcwADb2lkaQAAAAFzAANzcmNzABkzRE1vZGVscy9SZXNoYXBhYmxlcy9DdWJlegADaQAAAAFiA2gAAnMAA29pZGkAAAADcwAEcHZJZGkAAAPs","18":"RAAAAANzAAhwYXNzd29yZHMABDEyMzRzAA10ZW1wbGF0ZUluZGV4aQAAAAFi+nkAAnMACHBhc3N3b3JkAA10ZW1wbGF0ZUluZGV4"},"CheckUserOnJoin":true,"CustomProperties":{"password":"1234","templateIndex":1},"DeleteCacheOnLeave":true,"EmptyRoomTTL":3000,"IsOpen":true,"IsVisible":true,"LobbyType":0,"LobbyProperties":["password","templateIndex"],"MaxPlayers":10,"PlayerTTL":-1,"SuppressRoomEvents":false,"Slice":0,"DebugInfo":{"DEBUG_PROPERTIES_18":{"password":"1234","templateIndex":1,"250":["password","templateIndex"]},"DEBUG_EVENTS_19":{"0":[[1,1,{"pvId":1004,"rot":{"Code":81,"Data":"P4AAAAAAAAAAAAAAAAAAAA=="},"pos":{"Code":86,"Data":"vwP4yEAGEEU/y7/W"},"type":4,"scale":{"Code":86,"Data":"P4AAAD+AAAA/gAAA"},"oid":1,"src":"3DModels/Reshapables/Cube"}],[1,3,{"oid":3,"pvId":1004}]]}},"ExcludedActors":[],"PublishUserId":false,"ExpectedUsers":[]},"Type":"Save"}
2020-04-15 10:56:43,036 [31] INFO  Photon.Hive.HiveGame.HiveHostGame.Plugin - Http request to save - done.
2020-04-15 10:58:45,896 [12] INFO  Photon.Hive.Plugin.PluginManager - Plugin successfully created:Type:AmbientPlugin.AmbientFactory, path:C:\Users\pierl\Desktop\PhotonServer\SDK\deploy\Plugins\AmbientPlugin\\bin\AmbientPlugin.dll
2020-04-15 10:58:45,905 [12] INFO  Photon.Hive.HiveGame.HiveHostGame.Plugin - PostJsonRequest: https://enterthemall.com/api/webhooks/create? - {"ActorNr":1,"AppVersion":"","AppId":"A890-B177-B6F3-3B9F-6870-BE79","CreateOptions":{"MaxPlayers":10,"LobbyId":null,"LobbyType":0,"CustomProperties":{"templateIndex":1,"password":"1234"},"EmptyRoomTTL":3000,"PlayerTTL":-1,"CheckUserOnJoin":true,"DeleteCacheOnLeave":true,"SuppressRoomEvents":false},"GameId":"Test","Region":"","Type":"Create","UserId":"1","Nickname":"Pierlorenzo Peruzzo"}
2020-04-15 10:58:46,085 [12] INFO  Photon.Hive.HiveGame.HiveHostGame.Plugin - TryGetForwardResponse:{"ResultCode":0,"Message":"OK"}
2020-04-15 10:58:47,026 [23] INFO  Photon.Hive.Plugin.PluginManager - Plugin successfully created:Type:AmbientPlugin.AmbientFactory, path:C:\Users\pierl\Desktop\PhotonServer\SDK\deploy\Plugins\AmbientPlugin\\bin\AmbientPlugin.dll
2020-04-15 11:00:42,289 [14] WARN  Photon.Hive.HiveGame - JoinApplyGameStateChanges: Game 'Test' userId '1' failed to join. msg:Join failed: UserId '1' already joined the specified game (JoinMode=0). -- peer:GameClientPeer: PID 15, IsConnected: True, IsDisposed: False, Last Activity: Operation 226 at UTC 4/15/2020 6:00:42 PM in Room Test, IP 192.168.1.7:50584, 
2020-04-15 11:00:42,300 [14] INFO  Photon.Hive.Collections.ActorsManager - this gets called
2020-04-15 11:03:53,736 [14] INFO  Photon.Hive.Collections.ActorsManager - this gets called
2020-04-15 11:03:53,746 [31] INFO  Photon.Hive.Collections.ActorsManager - this gets called
2020-04-15 11:03:53,754 [31] INFO  Photon.Hive.Collections.ActorsManager - Simply deactivated the actor. He is the owner.
2020-04-15 11:03:54,008 [39] INFO  Photon.Hive.Collections.ActorsManager - this gets called
2020-04-15 11:03:54,443 [23] INFO  Photon.Hive.Collections.ActorsManager - this gets called
2020-04-15 11:03:57,023 [14] INFO  Photon.Hive.HiveGame.HiveHostGame.Plugin - OnCloseGame
2020-04-15 11:03:57,031 [14] INFO  Photon.Hive.HiveGame.HiveHostGame.Plugin - Http request to save
2020-04-15 11:03:57,037 [14] INFO  Photon.Hive.HiveGame.HiveHostGame.Plugin - PostJsonRequest: https://enterthemall.com/api/webhooks/close? - {"ActorCount":1,"AppVersion":"","AppId":"A890-B177-B6F3-3B9F-6870-BE79","GameId":"Test","Region":"","State":{"ActorCounter":2,"ActorList":[{"ActorNr":1,"UserId":"1","Nickname":"Pierlorenzo Peruzzo","Binary":"RGIAAAEBRAAAAAJi/3MAE1BpZXJsb3JlbnpvIFBlcnV6em9zAAdpc093bmVybwE=","DeactivationTime":"2020-04-15T11:03:53.763798-07:00","DEBUG_BINARY":{"1":{"255":"Pierlorenzo Peruzzo","isOwner":true}}}],"Binary":{"19":"RGl6AAEAAAAAAAJ6AANpAAAAAWIBaAAHcwAEcHZJZGkAAAPscwADcm90Y1EAED+AAAAAAAAAAAAAAAAAAABzAANwb3NjVgAMv41K8kANF94/pfircwAEdHlwZWkAAAAEcwAFc2NhbGVjVgAMP4AAAD+AAAA/gAAAcwADb2lkaQAAAAFzAANzcmNzABkzRE1vZGVscy9SZXNoYXBhYmxlcy9DdWJlegADaQAAAAFiA2gAAnMAA29pZGkAAAADcwAEcHZJZGkAAAPs","18":"RAAAAANzAAhwYXNzd29yZHMABDEyMzRzAA10ZW1wbGF0ZUluZGV4aQAAAAFi+nkAAnMACHBhc3N3b3JkAA10ZW1wbGF0ZUluZGV4"},"CheckUserOnJoin":true,"CustomProperties":{"password":"1234","templateIndex":1},"DeleteCacheOnLeave":true,"EmptyRoomTTL":3000,"IsOpen":true,"IsVisible":true,"LobbyType":0,"LobbyProperties":["password","templateIndex"],"MaxPlayers":10,"PlayerTTL":-1,"SuppressRoomEvents":false,"Slice":0,"DebugInfo":{"DEBUG_PROPERTIES_18":{"password":"1234","templateIndex":1,"250":["password","templateIndex"]},"DEBUG_EVENTS_19":{"0":[[1,1,{"pvId":1004,"rot":{"Code":81,"Data":"P4AAAAAAAAAAAAAAAAAAAA=="},"pos":{"Code":86,"Data":"v41K8kANF94/pfir"},"type":4,"scale":{"Code":86,"Data":"P4AAAD+AAAA/gAAA"},"oid":1,"src":"3DModels/Reshapables/Cube"}],[1,3,{"oid":3,"pvId":1004}]]}},"ExcludedActors":[],"PublishUserId":false,"ExpectedUsers":[]},"Type":"Save"}
2020-04-15 11:03:57,318 [14] INFO  Photon.Hive.HiveGame.HiveHostGame.Plugin - Http request to save - done.
2020-04-15 11:05:21,366 [15] INFO  Photon.Common.LoadBalancer.LoadShedding.FeedbackController - Transit CpuUsage from Low to Lowest with input 20
2020-04-15 11:05:21,372 [15] INFO  Photon.Common.LoadBalancer.LoadShedding.WorkloadController - FeedbackLevel changed: old=Low, new=Lowest
2020-04-20 22:17:09,992 [1] INFO  Photon.LoadBalancing.GameServer.GameApplication - Setup: serverId=c5ef75f1-5981-44c7-a33d-76c3431cee1b
2020-04-20 22:17:10,014 [1] INFO  Photon.Hive.Plugin.PluginManager - Plugin configured: name=AmbientPlugin
2020-04-20 22:17:10,020 [1] INFO  Photon.Hive.Plugin.PluginManager - 	Attribute: BaseUrl=https://alensxr.com/api/webhooks
2020-04-20 22:17:10,026 [1] INFO  Photon.Hive.Plugin.PluginManager - 	Attribute: IsPersistent=true
2020-04-20 22:17:10,032 [1] INFO  Photon.Hive.Plugin.PluginManager - 	Attribute: HasErrorInfo=true
2020-04-20 22:17:10,038 [1] INFO  Photon.Hive.Plugin.PluginManager - 	Attribute: PathClose=close
2020-04-20 22:17:10,047 [1] INFO  Photon.Hive.Plugin.PluginManager - 	Attribute: PathCreate=create
2020-04-20 22:17:10,053 [1] INFO  Photon.Hive.Plugin.PluginManager - 	Attribute: PathLoad=create
2020-04-20 22:17:10,132 [1] INFO  Photon.Hive.Plugin.PluginManager - Loaded Assembly Name=AmbientPlugin, Version=1.0.0.0, Culture=, PublicKey token=, Path=C:\publish\PhotonServer\SDK\deploy\Plugins\AmbientPlugin\\bin\AmbientPlugin.dll
2020-04-20 22:17:10,143 [1] INFO  Photon.Hive.Plugin.PluginManager - Referenced Assembly Name=mscorlib, Version=4.0.0.0, Culture=, PublicKey token=B7-7A-5C-56-19-34-E0-89, Path=
2020-04-20 22:17:10,148 [1] INFO  Photon.Hive.Plugin.PluginManager - Referenced Assembly Name=PhotonHivePlugin, Version=1.0.15.11060, Culture=, PublicKey token=, Path=
2020-04-20 22:17:10,153 [1] INFO  Photon.Hive.Plugin.PluginManager - Referenced Assembly Name=PhotonHive.WebHooksPlugin1.2, Version=4.0.28.11221, Culture=, PublicKey token=, Path=
2020-04-20 22:17:10,158 [1] INFO  Photon.Hive.Plugin.PluginManager - Plugin Type AmbientPlugin.AmbientFactory from assembly AmbientPlugin, Version=1.0.0.0, Culture=neutral, PublicKeyToken=null was successfuly created
2020-04-20 22:17:10,165 [1] INFO  Photon.Hive.Plugin.PluginManager - Plugin manager (version=1.0.15.11060) is setup. type=AmbientPlugin.AmbientFactory;path=C:\publish\PhotonServer\SDK\deploy\Plugins\AmbientPlugin\\bin\AmbientPlugin.dll;version=1.0.15.11060
2020-04-20 22:17:10,828 [1] INFO  Photon.SocketServer.Diagnostics.HttpQueuePerformanceCounters - HTTP Queue performance counters successfully initialized
2020-04-20 22:17:10,834 [1] INFO  Photon.SocketServer.Diagnostics.HttpQueuePerformanceCounters - Internal HTTP Queue performance counters successfully created
2020-04-20 22:17:10,843 [1] INFO  Photon.LoadBalancing.GameServer.GameApplication - TokenCreator intialized with an expiration of 02:46:40
2020-04-20 22:17:10,862 [1] WARN  Photon.Common.LoadBalancer.LoadShedding.WorkloadController - Did not find counter Business Logic Queue
2020-04-20 22:17:10,868 [1] WARN  Photon.Common.LoadBalancer.LoadShedding.WorkloadController - Did not find counter ENet Queue
2020-04-20 22:17:10,875 [1] WARN  Photon.Common.LoadBalancer.LoadShedding.WorkloadController - Did not find counter bytes in/sec
2020-04-20 22:17:10,881 [1] WARN  Photon.Common.LoadBalancer.LoadShedding.WorkloadController - Did not find counter bytes out/sec
2020-04-20 22:17:10,887 [1] WARN  Photon.Common.LoadBalancer.LoadShedding.WorkloadController - Did not find counter ENet Threads Processing
2020-04-20 22:17:10,894 [1] WARN  Photon.Common.LoadBalancer.LoadShedding.WorkloadController - Did not find counter ENet Threads Active
2020-04-20 22:17:10,901 [1] WARN  Photon.Common.LoadBalancer.LoadShedding.WorkloadController - Did not find counter Time Spent In Server: In (ms)
2020-04-20 22:17:10,907 [1] WARN  Photon.Common.LoadBalancer.LoadShedding.WorkloadController - Did not find counter Time Spent In Server: Out (ms)
2020-04-20 22:17:10,913 [1] WARN  Photon.Common.LoadBalancer.LoadShedding.WorkloadController - Did not find counter TCP: Disconnected Peers +/sec
2020-04-20 22:17:10,919 [1] WARN  Photon.Common.LoadBalancer.LoadShedding.WorkloadController - Did not find counter TCP: Disconnected Peers (C) +/sec
2020-04-20 22:17:10,925 [1] WARN  Photon.Common.LoadBalancer.LoadShedding.WorkloadController - Did not find counter TCP: Peers
2020-04-20 22:17:10,931 [1] WARN  Photon.Common.LoadBalancer.LoadShedding.WorkloadController - Did not find counter UDP: Disconnected Peers +/sec
2020-04-20 22:17:10,936 [1] WARN  Photon.Common.LoadBalancer.LoadShedding.WorkloadController - Did not find counter UDP: Disconnected Peers (C) +/sec
2020-04-20 22:17:10,941 [1] WARN  Photon.Common.LoadBalancer.LoadShedding.WorkloadController - Did not find counter UDP: Peers
2020-04-20 22:17:10,952 [1] WARN  Photon.Common.LoadBalancer.LoadShedding.FeedbackControlSystem - Could not initialize Feedback Control System from configuration: Invalid configuration file C:\publish\PhotonServer\SDK\deploy\Workload.config. Using default settings... (Could not find file 'C:\publish\PhotonServer\SDK\deploy\Workload.config'.)
2020-04-20 22:17:10,962 [1] INFO  Photon.Common.LoadBalancer.ServerStateManager - Watching for application state file in C:\publish\PhotonServer\SDK\deploy\ServerState.txt
2020-04-20 22:17:10,973 [1] INFO  Photon.Common.LoadBalancer.ServerStateManager - Server state is set to online
2020-04-20 22:17:10,978 [1] INFO  Photon.LoadBalancing.GameServer.GameApplication - Initializing master server connection ...
2020-04-20 22:17:10,989 [1] INFO  Photon.LoadBalancing.GameServer.MasterServerConnectionBase - Connecting to master at 127.0.0.1:4520, serverId=c5ef75f1-5981-44c7-a33d-76c3431cee1b
2020-04-20 22:17:11,009 [1] INFO  Photon.SocketServer.ApplicationBase - Application start: AppId=Game; AppPath=C:\publish\PhotonServer\SDK\deploy\LoadBalancing\GameServer, Type=Photon.LoadBalancing.GameServer.GameApplication 
2020-04-20 22:17:11,017 [1] INFO  Photon.SocketServer.Diagnostics.CounterPublisher - CounterPublisher started publishing ExitGames.Diagnostics.Monitoring.CounterSamplePublisher to ExitGames.Diagnostics.Monitoring.CounterSampleSender
2020-04-20 22:17:12,144 [14] INFO  Photon.LoadBalancing.GameServer.MasterServerConnectionBase - Master connection established: address:127.0.0.1
2020-04-20 22:17:12,151 [14] INFO  Photon.Common.LoadBalancer.ServerStateManager - Server state is set to online
2020-04-20 22:17:12,161 [14] INFO  Photon.LoadBalancing.GameServer.OutgoingMasterServerPeer - Registering game server with address 23.241.123.12, TCP 4531, UDP 5056, WebSocket 9091, Secure WebSocket 19091, HTTP 80, ServerID c5ef75f1-5981-44c7-a33d-76c3431cee1b, Hostname localhost, IPv6Address 
2020-04-20 22:17:12,225 [15] INFO  Photon.LoadBalancing.GameServer.OutgoingMasterServerPeer - Successfully registered at master server: serverId=c5ef75f1-5981-44c7-a33d-76c3431cee1b
2020-04-20 22:17:12,233 [15] INFO  Photon.LoadBalancing.GameServer.OutgoingMasterServerPeer - Test test test
2020-04-20 22:17:13,103 [12] INFO  Photon.Common.LoadBalancer.LoadShedding.FeedbackController - Transit CpuUsage from Lowest to Low with input 35
2020-04-20 22:17:13,109 [12] INFO  Photon.Common.LoadBalancer.LoadShedding.WorkloadController - FeedbackLevel changed: old=Lowest, new=Low
2020-04-20 22:17:29,276 [11] INFO  Photon.Common.LoadBalancer.LoadShedding.FeedbackController - Transit CpuUsage from Low to Lowest with input 20
2020-04-20 22:17:29,286 [11] INFO  Photon.Common.LoadBalancer.LoadShedding.WorkloadController - FeedbackLevel changed: old=Low, new=Lowest
2020-04-20 23:07:36,418 [11] INFO  Photon.Common.LoadBalancer.LoadShedding.FeedbackController - Transit CpuUsage from Lowest to Low with input 35
2020-04-20 23:07:36,431 [11] INFO  Photon.Common.LoadBalancer.LoadShedding.WorkloadController - FeedbackLevel changed: old=Lowest, new=Low
2020-04-20 23:11:30,258 [21] INFO  Photon.Common.LoadBalancer.LoadShedding.FeedbackController - Transit CpuUsage from Low to Lowest with input 20
2020-04-20 23:11:30,703 [21] INFO  Photon.Common.LoadBalancer.LoadShedding.WorkloadController - FeedbackLevel changed: old=Low, new=Lowest
