2020-04-15 10:45:17,785 [1] INFO  Photon.LoadBalancing.MasterServer.MasterApplication - TokenCreator intialized with an expiration of 02:46:40
2020-04-15 10:45:18,071 [1] INFO  Photon.SocketServer.Diagnostics.HttpQueuePerformanceCounters - HTTP Queue performance counters successfully initialized
2020-04-15 10:45:18,075 [1] INFO  Photon.SocketServer.Diagnostics.HttpQueuePerformanceCounters - Internal HTTP Queue performance counters successfully created
2020-04-15 10:45:18,081 [1] INFO  Photon.Common.Authentication.Diagnostic.CustomAuthResultCounters - Start to initialize Photon: Custom Authentication Results performance counters
2020-04-15 10:45:18,087 [1] INFO  Photon.Common.Authentication.Diagnostic.CustomAuthResultCounters - Photon: Custom Authentication Results performance counters successfully initialized
2020-04-15 10:45:18,099 [1] WARN  Photon.Common.LoadBalancer.LoadBalancer`1 - Could not initialize LoadBalancer from configuration: Invalid configuration file C:\Users\pierl\Desktop\PhotonServer\SDK\deploy\LoadBalancer.config. Using default settings... (Could not find file 'C:\Users\pierl\Desktop\PhotonServer\SDK\deploy\LoadBalancer.config'.)
2020-04-15 10:45:18,160 [1] INFO  Photon.LoadBalancing.MasterServer.GameApplication - TokenCreator intialized with an expiration of 02:46:40
2020-04-15 10:45:18,242 [1] INFO  Photon.LoadBalancing.MasterServer.GameApplication - Application {Default}/{Default} starts without Redis
2020-04-15 10:45:18,471 [1] INFO  Photon.LoadBalancing.Common.NodesReader - Import nodes
2020-04-15 10:45:18,476 [1] WARN  Photon.LoadBalancing.Common.NodesReader - C:\Users\pierl\Desktop\PhotonServer\SDK\deploy\Nodes.txt does not exist, CurrentNodeId = 0
2020-04-15 10:45:18,481 [1] INFO  Photon.LoadBalancing.Common.NodesReader - Watching C:\Users\pierl\Desktop\PhotonServer\SDK\deploy\Nodes.txt
2020-04-15 10:45:18,491 [1] INFO  Photon.LoadBalancing.MasterServer.MasterApplication - Current Node (nodeId=0) is the active master (leader)
2020-04-15 10:45:18,496 [1] INFO  Photon.SocketServer.ApplicationBase - Application start: AppId=Master; AppPath=C:\Users\pierl\Desktop\PhotonServer\SDK\deploy\LoadBalancing\Master, Type=Photon.LoadBalancing.MasterServer.MasterApplication 
2020-04-15 10:45:18,517 [1] INFO  Photon.SocketServer.Diagnostics.CounterPublisher - CounterPublisher started publishing ExitGames.Diagnostics.Monitoring.CounterSamplePublisher to ExitGames.Diagnostics.Monitoring.CounterSampleSender
2020-04-15 10:45:18,543 [11] INFO  Photon.LoadBalancing.MasterServer.GameServer.IncomingGameServerPeer - game server connection from 127.0.0.1:51494 established (id=2)
2020-04-15 10:45:18,626 [11] WARN  Photon.LoadBalancing.Common.NodesReader - Internal address for node 0 unknown; using loop back
2020-04-15 10:45:18,631 [11] INFO  Photon.LoadBalancing.Common.NodesReader - Node added: 0 = 127.0.0.1
2020-04-15 10:47:13,794 [9] INFO  Photon.LoadBalancing.MasterServer.GameServer.IncomingGameServerPeer - OnDisconnect: game server connection closed (connectionId=2, serverId=f7aef80c-a585-47bd-a36e-42f3bfdc119b, reason=ClientDisconnect)
2020-04-15 10:47:13,805 [1] INFO  Photon.SocketServer.ApplicationBase - Application is stopping: AppId=Master
2020-04-15 10:47:13,842 [1] INFO  Photon.SocketServer.ApplicationBase - Application stop: AppId=Master
2020-04-15 10:48:51,046 [1] INFO  Photon.LoadBalancing.MasterServer.MasterApplication - TokenCreator intialized with an expiration of 02:46:40
2020-04-15 10:48:51,722 [1] INFO  Photon.SocketServer.Diagnostics.HttpQueuePerformanceCounters - HTTP Queue performance counters successfully initialized
2020-04-15 10:48:51,730 [1] INFO  Photon.SocketServer.Diagnostics.HttpQueuePerformanceCounters - Internal HTTP Queue performance counters successfully created
2020-04-15 10:48:51,740 [1] INFO  Photon.Common.Authentication.Diagnostic.CustomAuthResultCounters - Start to initialize Photon: Custom Authentication Results performance counters
2020-04-15 10:48:51,749 [1] INFO  Photon.Common.Authentication.Diagnostic.CustomAuthResultCounters - Photon: Custom Authentication Results performance counters successfully initialized
2020-04-15 10:48:51,762 [1] WARN  Photon.Common.LoadBalancer.LoadBalancer`1 - Could not initialize LoadBalancer from configuration: Invalid configuration file C:\Users\pierl\Desktop\PhotonServer\SDK\deploy\LoadBalancer.config. Using default settings... (Could not find file 'C:\Users\pierl\Desktop\PhotonServer\SDK\deploy\LoadBalancer.config'.)
2020-04-15 10:48:51,835 [1] INFO  Photon.LoadBalancing.MasterServer.GameApplication - TokenCreator intialized with an expiration of 02:46:40
2020-04-15 10:48:51,909 [1] INFO  Photon.LoadBalancing.MasterServer.GameApplication - Application {Default}/{Default} starts without Redis
2020-04-15 10:48:52,140 [1] INFO  Photon.LoadBalancing.Common.NodesReader - Import nodes
2020-04-15 10:48:52,148 [1] WARN  Photon.LoadBalancing.Common.NodesReader - C:\Users\pierl\Desktop\PhotonServer\SDK\deploy\Nodes.txt does not exist, CurrentNodeId = 0
2020-04-15 10:48:52,155 [1] INFO  Photon.LoadBalancing.Common.NodesReader - Watching C:\Users\pierl\Desktop\PhotonServer\SDK\deploy\Nodes.txt
2020-04-15 10:48:52,163 [1] INFO  Photon.LoadBalancing.MasterServer.MasterApplication - Current Node (nodeId=0) is the active master (leader)
2020-04-15 10:48:52,170 [1] INFO  Photon.SocketServer.ApplicationBase - Application start: AppId=Master; AppPath=C:\Users\pierl\Desktop\PhotonServer\SDK\deploy\LoadBalancing\Master, Type=Photon.LoadBalancing.MasterServer.MasterApplication 
2020-04-15 10:48:52,195 [1] INFO  Photon.SocketServer.Diagnostics.CounterPublisher - CounterPublisher started publishing ExitGames.Diagnostics.Monitoring.CounterSamplePublisher to ExitGames.Diagnostics.Monitoring.CounterSampleSender
2020-04-15 10:48:52,223 [10] INFO  Photon.LoadBalancing.MasterServer.GameServer.IncomingGameServerPeer - game server connection from 127.0.0.1:51528 established (id=2)
2020-04-15 10:48:52,318 [11] WARN  Photon.LoadBalancing.Common.NodesReader - Internal address for node 0 unknown; using loop back
2020-04-15 10:48:52,325 [11] INFO  Photon.LoadBalancing.Common.NodesReader - Node added: 0 = 127.0.0.1
2020-04-20 22:17:11,171 [1] INFO  Photon.LoadBalancing.MasterServer.MasterApplication - TokenCreator intialized with an expiration of 02:46:40
2020-04-20 22:17:11,512 [1] INFO  Photon.SocketServer.Diagnostics.HttpQueuePerformanceCounters - HTTP Queue performance counters successfully initialized
2020-04-20 22:17:11,519 [1] INFO  Photon.SocketServer.Diagnostics.HttpQueuePerformanceCounters - Internal HTTP Queue performance counters successfully created
2020-04-20 22:17:11,527 [1] INFO  Photon.Common.Authentication.Diagnostic.CustomAuthResultCounters - Start to initialize Photon: Custom Authentication Results performance counters
2020-04-20 22:17:11,535 [1] INFO  Photon.Common.Authentication.Diagnostic.CustomAuthResultCounters - Photon: Custom Authentication Results performance counters successfully initialized
2020-04-20 22:17:11,552 [1] WARN  Photon.Common.LoadBalancer.LoadBalancer`1 - Could not initialize LoadBalancer from configuration: Invalid configuration file C:\publish\PhotonServer\SDK\deploy\LoadBalancer.config. Using default settings... (Could not find file 'C:\publish\PhotonServer\SDK\deploy\LoadBalancer.config'.)
2020-04-20 22:17:11,651 [1] INFO  Photon.LoadBalancing.MasterServer.GameApplication - TokenCreator intialized with an expiration of 02:46:40
2020-04-20 22:17:11,772 [1] INFO  Photon.LoadBalancing.MasterServer.GameApplication - Application {Default}/{Default} starts without Redis
2020-04-20 22:17:12,001 [1] INFO  Photon.LoadBalancing.Common.NodesReader - Import nodes
2020-04-20 22:17:12,008 [1] WARN  Photon.LoadBalancing.Common.NodesReader - C:\publish\PhotonServer\SDK\deploy\Nodes.txt does not exist, CurrentNodeId = 0
2020-04-20 22:17:12,015 [1] INFO  Photon.LoadBalancing.Common.NodesReader - Watching C:\publish\PhotonServer\SDK\deploy\Nodes.txt
2020-04-20 22:17:12,021 [1] INFO  Photon.LoadBalancing.MasterServer.MasterApplication - Current Node (nodeId=0) is the active master (leader)
2020-04-20 22:17:12,029 [1] INFO  Photon.SocketServer.ApplicationBase - Application start: AppId=Master; AppPath=C:\publish\PhotonServer\SDK\deploy\LoadBalancing\Master, Type=Photon.LoadBalancing.MasterServer.MasterApplication 
2020-04-20 22:17:12,052 [1] INFO  Photon.SocketServer.Diagnostics.CounterPublisher - CounterPublisher started publishing ExitGames.Diagnostics.Monitoring.CounterSamplePublisher to ExitGames.Diagnostics.Monitoring.CounterSampleSender
2020-04-20 22:17:12,086 [12] INFO  Photon.LoadBalancing.MasterServer.GameServer.IncomingGameServerPeer - game server connection from 127.0.0.1:49315 established (id=2)
2020-04-20 22:17:12,198 [13] WARN  Photon.LoadBalancing.Common.NodesReader - Internal address for node 0 unknown; using loop back
2020-04-20 22:17:12,204 [13] INFO  Photon.LoadBalancing.Common.NodesReader - Node added: 0 = 127.0.0.1
